18:38:12 update_time start
18:38:12 MainThread start
18:38:16 MainThread stop
18:38:16 MainThread stopping threads
18:38:16 update_time stop
18:42:51 update_time start
18:42:51 MainThread start
18:43:00 MainThread stop
18:43:00 MainThread stopping threads
18:43:00 update_time stop
18:44:08 update_time start
18:44:08 MainThread start
18:44:20 update_time start
18:44:20 MainThread start
18:44:38 update_time start
18:44:38 MainThread start
18:48:30 update_time start
18:48:30 MainThread start
18:49:09 update_time start
18:49:09 MainThread start
18:56:27 update_time start
18:56:27 MainThread start
18:56:32 MainThread stop
18:56:32 MainThread stopping threads
18:56:32 update_time stop
